<?xml version="1.0" encoding="UTF-8"?>
<!-- Generated by org.testng.reporters.JUnitReportReporter -->
<testsuite hostname="DESKTOP-LLJ1QH7" failures="0" tests="1" name="practice1.New" time="0.011" errors="0" timestamp="2022-10-01T18:36:11 IST" skipped="0">
  <testcase classname="practice1.New" name="test123" time="0.011"/>
  <system-out/>
</testsuite> <!-- practice1.New -->
